-------------------------------------------------------------------------------
Test set: com.cg.BetterReadsRegistrationLoginApplicationTests
-------------------------------------------------------------------------------
Tests run: 1, Failures: 0, Errors: 1, Skipped: 0, Time elapsed: 0.498 s <<< FAILURE! - in com.cg.BetterReadsRegistrationLoginApplicationTests
com.cg.BetterReadsRegistrationLoginApplicationTests  Time elapsed: 0.495 s  <<< ERROR!
java.lang.IllegalStateException: Unable to find a @SpringBootConfiguration, you need to use @ContextConfiguration or @SpringBootTest(classes=...) with your test

